{"/home/other/Documents/Patents/NodeJS/project-root/src/config/database.ts": {"path":"/home/other/Documents/Patents/NodeJS/project-root/src/config/database.ts","statementMap":{"0":{"start":{"line":1,"column":0},"end":{"line":1,"column":46}},"1":{"start":{"line":3,"column":13},"end":{"line":3,"column":41}}},"fnMap":{},"branchMap":{},"s":{"0":1,"1":1},"f":{},"b":{}}
,"/home/other/Documents/Patents/NodeJS/project-root/src/repositories/order.repository.ts": {"path":"/home/other/Documents/Patents/NodeJS/project-root/src/repositories/order.repository.ts","statementMap":{"0":{"start":{"line":1,"column":0},"end":{"line":1,"column":44}},"1":{"start":{"line":6,"column":4},"end":{"line":20,"column":7}},"2":{"start":{"line":12,"column":45},"end":{"line":16,"column":12}},"3":{"start":{"line":24,"column":4},"end":{"line":27,"column":7}},"4":{"start":{"line":31,"column":23},"end":{"line":31,"column":25}},"5":{"start":{"line":33,"column":4},"end":{"line":41,"column":5}},"6":{"start":{"line":34,"column":6},"end":{"line":34,"column":23}},"7":{"start":{"line":35,"column":6},"end":{"line":37,"column":7}},"8":{"start":{"line":36,"column":8},"end":{"line":36,"column":43}},"9":{"start":{"line":38,"column":6},"end":{"line":40,"column":7}},"10":{"start":{"line":39,"column":8},"end":{"line":39,"column":43}},"11":{"start":{"line":43,"column":4},"end":{"line":47,"column":5}},"12":{"start":{"line":44,"column":6},"end":{"line":44,"column":30}},"13":{"start":{"line":45,"column":6},"end":{"line":45,"column":72}},"14":{"start":{"line":45,"column":29},"end":{"line":45,"column":72}},"15":{"start":{"line":46,"column":6},"end":{"line":46,"column":68}},"16":{"start":{"line":46,"column":27},"end":{"line":46,"column":68}},"17":{"start":{"line":49,"column":4},"end":{"line":52,"column":7}},"18":{"start":{"line":57,"column":4},"end":{"line":71,"column":7}},"19":{"start":{"line":63,"column":45},"end":{"line":67,"column":12}},"20":{"start":{"line":75,"column":4},"end":{"line":78,"column":7}},"21":{"start":{"line":4,"column":0},"end":{"line":4,"column":13}}},"fnMap":{"0":{"name":"(anonymous_0)","decl":{"start":{"line":5,"column":2},"end":{"line":5,"column":7}},"loc":{"start":{"line":5,"column":33},"end":{"line":21,"column":3}}},"1":{"name":"(anonymous_1)","decl":{"start":{"line":12,"column":34},"end":{"line":12,"column":35}},"loc":{"start":{"line":12,"column":45},"end":{"line":16,"column":12}}},"2":{"name":"(anonymous_2)","decl":{"start":{"line":23,"column":2},"end":{"line":23,"column":7}},"loc":{"start":{"line":23,"column":32},"end":{"line":28,"column":3}}},"3":{"name":"(anonymous_3)","decl":{"start":{"line":30,"column":2},"end":{"line":30,"column":7}},"loc":{"start":{"line":30,"column":97},"end":{"line":53,"column":3}}},"4":{"name":"(anonymous_4)","decl":{"start":{"line":55,"column":2},"end":{"line":55,"column":7}},"loc":{"start":{"line":55,"column":84},"end":{"line":72,"column":3}}},"5":{"name":"(anonymous_5)","decl":{"start":{"line":63,"column":34},"end":{"line":63,"column":35}},"loc":{"start":{"line":63,"column":45},"end":{"line":67,"column":12}}},"6":{"name":"(anonymous_6)","decl":{"start":{"line":74,"column":2},"end":{"line":74,"column":7}},"loc":{"start":{"line":74,"column":30},"end":{"line":79,"column":3}}}},"branchMap":{"0":{"loc":{"start":{"line":33,"column":4},"end":{"line":41,"column":5}},"type":"if","locations":[{"start":{"line":33,"column":4},"end":{"line":41,"column":5}}]},"1":{"loc":{"start":{"line":33,"column":8},"end":{"line":33,"column":74}},"type":"binary-expr","locations":[{"start":{"line":33,"column":8},"end":{"line":33,"column":39}},{"start":{"line":33,"column":43},"end":{"line":33,"column":74}}]},"2":{"loc":{"start":{"line":35,"column":6},"end":{"line":37,"column":7}},"type":"if","locations":[{"start":{"line":35,"column":6},"end":{"line":37,"column":7}}]},"3":{"loc":{"start":{"line":38,"column":6},"end":{"line":40,"column":7}},"type":"if","locations":[{"start":{"line":38,"column":6},"end":{"line":40,"column":7}}]},"4":{"loc":{"start":{"line":43,"column":4},"end":{"line":47,"column":5}},"type":"if","locations":[{"start":{"line":43,"column":4},"end":{"line":47,"column":5}}]},"5":{"loc":{"start":{"line":43,"column":8},"end":{"line":43,"column":46}},"type":"binary-expr","locations":[{"start":{"line":43,"column":8},"end":{"line":43,"column":26}},{"start":{"line":43,"column":30},"end":{"line":43,"column":46}}]},"6":{"loc":{"start":{"line":45,"column":6},"end":{"line":45,"column":72}},"type":"if","locations":[{"start":{"line":45,"column":6},"end":{"line":45,"column":72}}]},"7":{"loc":{"start":{"line":46,"column":6},"end":{"line":46,"column":68}},"type":"if","locations":[{"start":{"line":46,"column":6},"end":{"line":46,"column":68}}]}},"s":{"0":1,"1":0,"2":0,"3":0,"4":0,"5":0,"6":0,"7":0,"8":0,"9":0,"10":0,"11":0,"12":0,"13":0,"14":0,"15":0,"16":0,"17":0,"18":0,"19":0,"20":0,"21":1},"f":{"0":0,"1":0,"2":0,"3":0,"4":0,"5":0,"6":0},"b":{"0":[0],"1":[0,0],"2":[0],"3":[0],"4":[0],"5":[0,0],"6":[0],"7":[0]}}
,"/home/other/Documents/Patents/NodeJS/project-root/src/schemas/order.schema.ts": {"path":"/home/other/Documents/Patents/NodeJS/project-root/src/schemas/order.schema.ts","statementMap":{"0":{"start":{"line":1,"column":0},"end":{"line":1,"column":24}},"1":{"start":{"line":3,"column":13},"end":{"line":13,"column":3}},"2":{"start":{"line":15,"column":13},"end":{"line":24,"column":12}},"3":{"start":{"line":27,"column":13},"end":{"line":30,"column":12}}},"fnMap":{},"branchMap":{},"s":{"0":1,"1":1,"2":1,"3":1},"f":{},"b":{}}
,"/home/other/Documents/Patents/NodeJS/project-root/src/services/order.service.ts": {"path":"/home/other/Documents/Patents/NodeJS/project-root/src/services/order.service.ts","statementMap":{"0":{"start":{"line":2,"column":0},"end":{"line":2,"column":67}},"1":{"start":{"line":3,"column":0},"end":{"line":3,"column":78}},"2":{"start":{"line":6,"column":10},"end":{"line":6,"column":50}},"3":{"start":{"line":9,"column":16},"end":{"line":9,"column":44}},"4":{"start":{"line":11,"column":4},"end":{"line":22,"column":5}},"5":{"start":{"line":12,"column":23},"end":{"line":12,"column":46}},"6":{"start":{"line":13,"column":6},"end":{"line":21,"column":7}},"7":{"start":{"line":14,"column":8},"end":{"line":18,"column":11}},"8":{"start":{"line":20,"column":8},"end":{"line":20,"column":45}},"9":{"start":{"line":24,"column":4},"end":{"line":24,"column":36}},"10":{"start":{"line":28,"column":23},"end":{"line":30,"column":null}},"11":{"start":{"line":29,"column":21},"end":{"line":29,"column":53}},"12":{"start":{"line":33,"column":4},"end":{"line":37,"column":5}},"13":{"start":{"line":34,"column":6},"end":{"line":36,"column":8}},"14":{"start":{"line":41,"column":31},"end":{"line":45,"column":7}},"15":{"start":{"line":41,"column":55},"end":{"line":45,"column":6}},"16":{"start":{"line":47,"column":30},"end":{"line":47,"column":58}},"17":{"start":{"line":49,"column":4},"end":{"line":49,"column":64}},"18":{"start":{"line":51,"column":4},"end":{"line":56,"column":6}},"19":{"start":{"line":60,"column":4},"end":{"line":96,"column":5}},"20":{"start":{"line":62,"column":21},"end":{"line":62,"column":52}},"21":{"start":{"line":64,"column":21},"end":{"line":64,"column":50}},"22":{"start":{"line":65,"column":22},"end":{"line":65,"column":63}},"23":{"start":{"line":68,"column":6},"end":{"line":77,"column":8}},"24":{"start":{"line":80,"column":6},"end":{"line":93,"column":7}},"25":{"start":{"line":82,"column":10},"end":{"line":86,"column":16}},"26":{"start":{"line":87,"column":23},"end":{"line":88,"column":null}},"27":{"start":{"line":90,"column":8},"end":{"line":90,"column":27}},"28":{"start":{"line":91,"column":8},"end":{"line":91,"column":32}},"29":{"start":{"line":92,"column":8},"end":{"line":92,"column":16}},"30":{"start":{"line":95,"column":6},"end":{"line":95,"column":16}},"31":{"start":{"line":100,"column":18},"end":{"line":100,"column":62}},"32":{"start":{"line":101,"column":4},"end":{"line":106,"column":5}},"33":{"start":{"line":102,"column":25},"end":{"line":102,"column":59}},"34":{"start":{"line":103,"column":6},"end":{"line":103,"column":29}},"35":{"start":{"line":104,"column":6},"end":{"line":104,"column":32}},"36":{"start":{"line":105,"column":6},"end":{"line":105,"column":18}},"37":{"start":{"line":109,"column":4},"end":{"line":118,"column":6}},"38":{"start":{"line":113,"column":40},"end":{"line":117,"column":8}},"39":{"start":{"line":127,"column":8},"end":{"line":127,"column":10}},"40":{"start":{"line":129,"column":4},"end":{"line":129,"column":66}},"41":{"start":{"line":129,"column":24},"end":{"line":129,"column":66}},"42":{"start":{"line":130,"column":4},"end":{"line":130,"column":66}},"43":{"start":{"line":130,"column":24},"end":{"line":130,"column":66}},"44":{"start":{"line":131,"column":4},"end":{"line":131,"column":71}},"45":{"start":{"line":131,"column":25},"end":{"line":131,"column":71}},"46":{"start":{"line":132,"column":4},"end":{"line":132,"column":65}},"47":{"start":{"line":132,"column":23},"end":{"line":132,"column":65}},"48":{"start":{"line":134,"column":19},"end":{"line":134,"column":59}},"49":{"start":{"line":136,"column":4},"end":{"line":147,"column":8}},"50":{"start":{"line":136,"column":30},"end":{"line":147,"column":6}},"51":{"start":{"line":152,"column":19},"end":{"line":152,"column":51}},"52":{"start":{"line":154,"column":21},"end":{"line":154,"column":65}},"53":{"start":{"line":156,"column":4},"end":{"line":161,"column":5}},"54":{"start":{"line":157,"column":25},"end":{"line":157,"column":76}},"55":{"start":{"line":158,"column":6},"end":{"line":158,"column":29}},"56":{"start":{"line":159,"column":6},"end":{"line":159,"column":32}},"57":{"start":{"line":160,"column":6},"end":{"line":160,"column":18}},"58":{"start":{"line":164,"column":31},"end":{"line":168,"column":7}},"59":{"start":{"line":164,"column":56},"end":{"line":168,"column":6}},"60":{"start":{"line":170,"column":25},"end":{"line":170,"column":53}},"61":{"start":{"line":171,"column":4},"end":{"line":171,"column":60}},"62":{"start":{"line":174,"column":20},"end":{"line":177,"column":6}},"63":{"start":{"line":179,"column":4},"end":{"line":188,"column":8}},"64":{"start":{"line":183,"column":44},"end":{"line":187,"column":10}},"65":{"start":{"line":192,"column":21},"end":{"line":192,"column":65}},"66":{"start":{"line":193,"column":4},"end":{"line":198,"column":5}},"67":{"start":{"line":194,"column":25},"end":{"line":194,"column":73}},"68":{"start":{"line":195,"column":6},"end":{"line":195,"column":29}},"69":{"start":{"line":196,"column":6},"end":{"line":196,"column":32}},"70":{"start":{"line":197,"column":6},"end":{"line":197,"column":18}},"71":{"start":{"line":200,"column":4},"end":{"line":200,"column":47}},"72":{"start":{"line":202,"column":4},"end":{"line":204,"column":6}},"73":{"start":{"line":5,"column":0},"end":{"line":5,"column":13}}},"fnMap":{"0":{"name":"(anonymous_0)","decl":{"start":{"line":5,"column":0},"end":{"line":5,"column":13}},"loc":{"start":{"line":5,"column":0},"end":{"line":206,"column":1}}},"1":{"name":"(anonymous_1)","decl":{"start":{"line":8,"column":10},"end":{"line":8,"column":26}},"loc":{"start":{"line":8,"column":45},"end":{"line":25,"column":3}}},"2":{"name":"(anonymous_2)","decl":{"start":{"line":27,"column":10},"end":{"line":27,"column":27}},"loc":{"start":{"line":27,"column":61},"end":{"line":38,"column":3}}},"3":{"name":"(anonymous_3)","decl":{"start":{"line":29,"column":6},"end":{"line":29,"column":7}},"loc":{"start":{"line":29,"column":21},"end":{"line":29,"column":53}}},"4":{"name":"(anonymous_4)","decl":{"start":{"line":40,"column":10},"end":{"line":40,"column":26}},"loc":{"start":{"line":40,"column":44},"end":{"line":57,"column":3}}},"5":{"name":"(anonymous_5)","decl":{"start":{"line":41,"column":47},"end":{"line":41,"column":48}},"loc":{"start":{"line":41,"column":55},"end":{"line":45,"column":6}}},"6":{"name":"(anonymous_6)","decl":{"start":{"line":59,"column":2},"end":{"line":59,"column":7}},"loc":{"start":{"line":59,"column":36},"end":{"line":97,"column":3}}},"7":{"name":"(anonymous_7)","decl":{"start":{"line":99,"column":2},"end":{"line":99,"column":7}},"loc":{"start":{"line":99,"column":32},"end":{"line":119,"column":3}}},"8":{"name":"(anonymous_8)","decl":{"start":{"line":113,"column":29},"end":{"line":113,"column":30}},"loc":{"start":{"line":113,"column":40},"end":{"line":117,"column":8}}},"9":{"name":"(anonymous_9)","decl":{"start":{"line":121,"column":2},"end":{"line":121,"column":7}},"loc":{"start":{"line":121,"column":29},"end":{"line":148,"column":3}}},"10":{"name":"(anonymous_10)","decl":{"start":{"line":136,"column":22},"end":{"line":136,"column":23}},"loc":{"start":{"line":136,"column":30},"end":{"line":147,"column":6}}},"11":{"name":"(anonymous_11)","decl":{"start":{"line":150,"column":2},"end":{"line":150,"column":7}},"loc":{"start":{"line":150,"column":53},"end":{"line":189,"column":3}}},"12":{"name":"(anonymous_12)","decl":{"start":{"line":164,"column":48},"end":{"line":164,"column":49}},"loc":{"start":{"line":164,"column":56},"end":{"line":168,"column":6}}},"13":{"name":"(anonymous_13)","decl":{"start":{"line":183,"column":33},"end":{"line":183,"column":34}},"loc":{"start":{"line":183,"column":44},"end":{"line":187,"column":10}}},"14":{"name":"(anonymous_14)","decl":{"start":{"line":191,"column":2},"end":{"line":191,"column":7}},"loc":{"start":{"line":191,"column":35},"end":{"line":205,"column":3}}}},"branchMap":{"0":{"loc":{"start":{"line":13,"column":6},"end":{"line":21,"column":7}},"type":"if","locations":[{"start":{"line":13,"column":6},"end":{"line":21,"column":7}},{"start":{"line":19,"column":13},"end":{"line":21,"column":7}}]},"1":{"loc":{"start":{"line":33,"column":4},"end":{"line":37,"column":5}},"type":"if","locations":[{"start":{"line":33,"column":4},"end":{"line":37,"column":5}}]},"2":{"loc":{"start":{"line":80,"column":6},"end":{"line":93,"column":7}},"type":"if","locations":[{"start":{"line":80,"column":6},"end":{"line":93,"column":7}}]},"3":{"loc":{"start":{"line":82,"column":10},"end":{"line":86,"column":16}},"type":"cond-expr","locations":[{"start":{"line":85,"column":14},"end":{"line":85,"column":34}},{"start":{"line":86,"column":14},"end":{"line":86,"column":16}}]},"4":{"loc":{"start":{"line":82,"column":10},"end":{"line":84,"column":35}},"type":"binary-expr","locations":[{"start":{"line":82,"column":10},"end":{"line":82,"column":37}},{"start":{"line":83,"column":10},"end":{"line":83,"column":26}},{"start":{"line":84,"column":10},"end":{"line":84,"column":35}}]},"5":{"loc":{"start":{"line":101,"column":4},"end":{"line":106,"column":5}},"type":"if","locations":[{"start":{"line":101,"column":4},"end":{"line":106,"column":5}}]},"6":{"loc":{"start":{"line":129,"column":4},"end":{"line":129,"column":66}},"type":"if","locations":[{"start":{"line":129,"column":4},"end":{"line":129,"column":66}}]},"7":{"loc":{"start":{"line":130,"column":4},"end":{"line":130,"column":66}},"type":"if","locations":[{"start":{"line":130,"column":4},"end":{"line":130,"column":66}}]},"8":{"loc":{"start":{"line":131,"column":4},"end":{"line":131,"column":71}},"type":"if","locations":[{"start":{"line":131,"column":4},"end":{"line":131,"column":71}}]},"9":{"loc":{"start":{"line":132,"column":4},"end":{"line":132,"column":65}},"type":"if","locations":[{"start":{"line":132,"column":4},"end":{"line":132,"column":65}}]},"10":{"loc":{"start":{"line":156,"column":4},"end":{"line":161,"column":5}},"type":"if","locations":[{"start":{"line":156,"column":4},"end":{"line":161,"column":5}}]},"11":{"loc":{"start":{"line":193,"column":4},"end":{"line":198,"column":5}},"type":"if","locations":[{"start":{"line":193,"column":4},"end":{"line":198,"column":5}}]}},"s":{"0":1,"1":1,"2":1,"3":1,"4":1,"5":1,"6":1,"7":0,"8":1,"9":1,"10":1,"11":1,"12":1,"13":1,"14":1,"15":1,"16":1,"17":1,"18":0,"19":1,"20":1,"21":1,"22":0,"23":0,"24":1,"25":0,"26":0,"27":0,"28":0,"29":0,"30":1,"31":0,"32":0,"33":0,"34":0,"35":0,"36":0,"37":0,"38":0,"39":0,"40":0,"41":0,"42":0,"43":0,"44":0,"45":0,"46":0,"47":0,"48":0,"49":0,"50":0,"51":0,"52":0,"53":0,"54":0,"55":0,"56":0,"57":0,"58":0,"59":0,"60":0,"61":0,"62":0,"63":0,"64":0,"65":0,"66":0,"67":0,"68":0,"69":0,"70":0,"71":0,"72":0,"73":1},"f":{"0":1,"1":1,"2":1,"3":1,"4":1,"5":1,"6":1,"7":0,"8":0,"9":0,"10":0,"11":0,"12":0,"13":0,"14":0},"b":{"0":[0,1],"1":[1],"2":[0],"3":[0,0],"4":[0,0,0],"5":[0],"6":[0],"7":[0],"8":[0],"9":[0],"10":[0],"11":[0]}}
}
