TN:
SF:src/config/database.ts
FNF:0
FNH:0
DA:1,1
DA:3,1
LF:2
LH:2
BRF:0
BRH:0
end_of_record
TN:
SF:src/repositories/order.repository.ts
FN:5,(anonymous_0)
FN:12,(anonymous_1)
FN:23,(anonymous_2)
FN:30,(anonymous_3)
FN:55,(anonymous_4)
FN:63,(anonymous_5)
FN:74,(anonymous_6)
FNF:7
FNH:0
FNDA:0,(anonymous_0)
FNDA:0,(anonymous_1)
FNDA:0,(anonymous_2)
FNDA:0,(anonymous_3)
FNDA:0,(anonymous_4)
FNDA:0,(anonymous_5)
FNDA:0,(anonymous_6)
DA:1,1
DA:4,1
DA:6,0
DA:12,0
DA:24,0
DA:31,0
DA:33,0
DA:34,0
DA:35,0
DA:36,0
DA:38,0
DA:39,0
DA:43,0
DA:44,0
DA:45,0
DA:46,0
DA:49,0
DA:57,0
DA:63,0
DA:75,0
LF:20
LH:2
BRDA:33,0,0,0
BRDA:33,1,0,0
BRDA:33,1,1,0
BRDA:35,2,0,0
BRDA:38,3,0,0
BRDA:43,4,0,0
BRDA:43,5,0,0
BRDA:43,5,1,0
BRDA:45,6,0,0
BRDA:46,7,0,0
BRF:10
BRH:0
end_of_record
TN:
SF:src/schemas/order.schema.ts
FNF:0
FNH:0
DA:1,1
DA:3,1
DA:15,1
DA:27,1
LF:4
LH:4
BRF:0
BRH:0
end_of_record
TN:
SF:src/services/order.service.ts
FN:5,(anonymous_0)
FN:8,(anonymous_1)
FN:27,(anonymous_2)
FN:29,(anonymous_3)
FN:40,(anonymous_4)
FN:41,(anonymous_5)
FN:59,(anonymous_6)
FN:99,(anonymous_7)
FN:113,(anonymous_8)
FN:121,(anonymous_9)
FN:136,(anonymous_10)
FN:150,(anonymous_11)
FN:164,(anonymous_12)
FN:183,(anonymous_13)
FN:191,(anonymous_14)
FNF:15
FNH:7
FNDA:1,(anonymous_0)
FNDA:1,(anonymous_1)
FNDA:1,(anonymous_2)
FNDA:1,(anonymous_3)
FNDA:1,(anonymous_4)
FNDA:1,(anonymous_5)
FNDA:1,(anonymous_6)
FNDA:0,(anonymous_7)
FNDA:0,(anonymous_8)
FNDA:0,(anonymous_9)
FNDA:0,(anonymous_10)
FNDA:0,(anonymous_11)
FNDA:0,(anonymous_12)
FNDA:0,(anonymous_13)
FNDA:0,(anonymous_14)
DA:2,1
DA:3,1
DA:5,1
DA:6,1
DA:9,1
DA:11,1
DA:12,1
DA:13,1
DA:14,0
DA:20,1
DA:24,1
DA:28,1
DA:29,1
DA:33,1
DA:34,1
DA:41,1
DA:47,1
DA:49,1
DA:51,0
DA:60,1
DA:62,1
DA:64,1
DA:65,0
DA:68,0
DA:80,1
DA:82,0
DA:87,0
DA:90,0
DA:91,0
DA:92,0
DA:95,1
DA:100,0
DA:101,0
DA:102,0
DA:103,0
DA:104,0
DA:105,0
DA:109,0
DA:113,0
DA:127,0
DA:129,0
DA:130,0
DA:131,0
DA:132,0
DA:134,0
DA:136,0
DA:152,0
DA:154,0
DA:156,0
DA:157,0
DA:158,0
DA:159,0
DA:160,0
DA:164,0
DA:170,0
DA:171,0
DA:174,0
DA:179,0
DA:183,0
DA:192,0
DA:193,0
DA:194,0
DA:195,0
DA:196,0
DA:197,0
DA:200,0
DA:202,0
LF:67
LH:22
BRDA:13,0,0,0
BRDA:13,0,1,1
BRDA:33,1,0,1
BRDA:80,2,0,0
BRDA:82,3,0,0
BRDA:82,3,1,0
BRDA:82,4,0,0
BRDA:82,4,1,0
BRDA:82,4,2,0
BRDA:101,5,0,0
BRDA:129,6,0,0
BRDA:130,7,0,0
BRDA:131,8,0,0
BRDA:132,9,0,0
BRDA:156,10,0,0
BRDA:193,11,0,0
BRF:16
BRH:2
end_of_record
